<?xml version="1.0" encoding="UTF-8"?>
<testng-results ignored="0" total="3" passed="3" failed="0" skipped="0">
  <reporter-output>
  </reporter-output>
  <suite started-at="2022-04-28T11:44:30 CST" name="Default suite" finished-at="2022-04-28T11:44:33 CST" duration-ms="3573">
    <groups>
    </groups>
    <test started-at="2022-04-28T11:44:30 CST" name="Default test" finished-at="2022-04-28T11:44:33 CST" duration-ms="3573">
      <class name="tests.PutPatchDeleteExamples">
        <test-method signature="testDelete()[pri:0, instance:tests.PutPatchDeleteExamples@1a4013]" started-at="2022-04-28T11:44:30 CST" name="testDelete" finished-at="2022-04-28T11:44:32 CST" duration-ms="2305" status="PASS">
          <reporter-output>
          </reporter-output>
        </test-method> <!-- testDelete -->
        <test-method signature="testPatch()[pri:0, instance:tests.PutPatchDeleteExamples@1a4013]" started-at="2022-04-28T11:44:32 CST" name="testPatch" finished-at="2022-04-28T11:44:33 CST" duration-ms="676" status="PASS">
          <reporter-output>
          </reporter-output>
        </test-method> <!-- testPatch -->
        <test-method signature="testPut()[pri:0, instance:tests.PutPatchDeleteExamples@1a4013]" started-at="2022-04-28T11:44:33 CST" name="testPut" finished-at="2022-04-28T11:44:33 CST" duration-ms="537" status="PASS">
          <reporter-output>
          </reporter-output>
        </test-method> <!-- testPut -->
      </class> <!-- tests.PutPatchDeleteExamples -->
    </test> <!-- Default test -->
  </suite> <!-- Default suite -->
</testng-results>
