<?xml version="1.0" encoding="UTF-8"?>
<!-- Generated by org.testng.reporters.JUnitXMLReporter -->
<testsuite ignored="0" hostname="BLOK-1202RWF-LX" failures="0" tests="3" name="Default test" time="3.573" errors="0" timestamp="2022-04-28T11:44:33 CST">
  <testcase classname="tests.PutPatchDeleteExamples" name="testDelete" time="2.305"/>
  <testcase classname="tests.PutPatchDeleteExamples" name="testPatch" time="0.676"/>
  <testcase classname="tests.PutPatchDeleteExamples" name="testPut" time="0.537"/>
</testsuite> <!-- Default test -->
